[2m2:12:09 AM[22m [31m[1m[vite][22m[39m [31m[2m(client)[22m[39m [31m[Unhandled error] [1mReferenceError[22m: LivePipelineConsole is not defined
[39m > App src/App.jsx:635:9
    633 |            setActiveTab={setWorkspaceTab}
    634 |          />
    635 |          <LivePipelineConsole
        |           ^
    636 |            run={run}
    637 |            minimized={consoleMinimized}
 > renderWithHooks node_modules/react-dom/cjs/react-dom.development.js:15486:17
 > updateFunctionComponent node_modules/react-dom/cjs/react-dom.development.js:19617:19
 > beginWork node_modules/react-dom/cjs/react-dom.development.js:21640:15
 > HTMLUnknownElement.callCallback node_modules/react-dom/cjs/react-dom.development.js:4164:13
 > Object.invokeGuardedCallbackDev node_modules/react-dom/cjs/react-dom.development.js:4213:15
 > invokeGuardedCallback node_modules/react-dom/cjs/react-dom.development.js:4277:30
 > beginWork$1 node_modules/react-dom/cjs/react-dom.development.js:27490:6
 > performUnitOfWork node_modules/react-dom/cjs/react-dom.development.js:26596:11
 > workLoopSync node_modules/react-dom/cjs/react-dom.development.js:26505:4

[2m2:12:09 AM[22m [31m[1m[vite][22m[39m [31m[2m(client)[22m[39m [31m[Unhandled error] [1mReferenceError[22m: LivePipelineConsole is not defined
[39m > App src/App.jsx:635:9
    633 |            setActiveTab={setWorkspaceTab}
    634 |          />
    635 |          <LivePipelineConsole
        |           ^
    636 |            run={run}
    637 |            minimized={consoleMinimized}
 > renderWithHooks node_modules/react-dom/cjs/react-dom.development.js:15486:17
 > updateFunctionComponent node_modules/react-dom/cjs/react-dom.development.js:19617:19
 > beginWork node_modules/react-dom/cjs/react-dom.development.js:21640:15
 > HTMLUnknownElement.callCallback node_modules/react-dom/cjs/react-dom.development.js:4164:13
 > Object.invokeGuardedCallbackDev node_modules/react-dom/cjs/react-dom.development.js:4213:15
 > invokeGuardedCallback node_modules/react-dom/cjs/react-dom.development.js:4277:30
 > beginWork$1 node_modules/react-dom/cjs/react-dom.development.js:27490:6
 > performUnitOfWork node_modules/react-dom/cjs/react-dom.development.js:26596:11
 > workLoopSync node_modules/react-dom/cjs/react-dom.development.js:26505:4

[2m2:12:09 AM[22m [31m[1m[vite][22m[39m [31m[2m(client)[22m[39m [2m[console.error] [22mThe above error occurred in the <App> component:

    at App (http://localhost:5174/src/App.jsx?t=1781988128147:38:32)

Consider adding an error boundary to your tree to customize error handling behavior.
Visit https://reactjs.org/link/error-boundaries to learn more about error boundaries.
[2m2:12:09 AM[22m [31m[1m[vite][22m[39m [31m[2m(client)[22m[39m [31m[Unhandled rejection] [1mReferenceError[22m: LivePipelineConsole is not defined
[39m > App src/App.jsx:635:9
    633 |            setActiveTab={setWorkspaceTab}
    634 |          />
    635 |          <LivePipelineConsole
        |           ^
    636 |            run={run}
    637 |            minimized={consoleMinimized}
 > renderWithHooks node_modules/react-dom/cjs/react-dom.development.js:15486:17
 > updateFunctionComponent node_modules/react-dom/cjs/react-dom.development.js:19617:19
 > beginWork node_modules/react-dom/cjs/react-dom.development.js:21640:15
 > beginWork$1 node_modules/react-dom/cjs/react-dom.development.js:27465:13
 > performUnitOfWork node_modules/react-dom/cjs/react-dom.development.js:26596:11
 > workLoopSync node_modules/react-dom/cjs/react-dom.development.js:26505:4
 > renderRootSync node_modules/react-dom/cjs/react-dom.development.js:26473:6
 > recoverFromConcurrentError node_modules/react-dom/cjs/react-dom.development.js:25889:19
 > performSyncWorkOnRoot node_modules/react-dom/cjs/react-dom.development.js:26135:19

[2m7:06:38 AM[22m [31m[1m[vite][22m[39m [31m[2m(client)[22m[39m [31m[Unhandled error] [1mReferenceError[22m: candidateNeedsStructurePreview is not defined
[39m > StructureTab src/App.jsx:2484:6
    2482 |    return (
    2483 |      <div className="detail-body">
    2484 |        <div className="viewer-toolbar">
         |        ^
    2485 |          <div className="segmented-control">
    2486 |            <button className={viewMode === "3d" ? "active" : ""} type="button" onClick={() => setViewMode("3d")}>
 > renderWithHooks node_modules/react-dom/cjs/react-dom.development.js:15486:17
 > mountIndeterminateComponent node_modules/react-dom/cjs/react-dom.development.js:20103:12
 > beginWork node_modules/react-dom/cjs/react-dom.development.js:21626:15
 > HTMLUnknownElement.callCallback node_modules/react-dom/cjs/react-dom.development.js:4164:13
 > Object.invokeGuardedCallbackDev node_modules/react-dom/cjs/react-dom.development.js:4213:15
 > invokeGuardedCallback node_modules/react-dom/cjs/react-dom.development.js:4277:30
 > beginWork$1 node_modules/react-dom/cjs/react-dom.development.js:27490:6
 > performUnitOfWork node_modules/react-dom/cjs/react-dom.development.js:26596:11
 > workLoopSync node_modules/react-dom/cjs/react-dom.development.js:26505:4

[2m7:06:38 AM[22m [31m[1m[vite][22m[39m [31m[2m(client)[22m[39m [31m[Unhandled error] [1mReferenceError[22m: candidateNeedsStructurePreview is not defined
[39m > StructureTab src/App.jsx:2484:6
    2482 |    return (
    2483 |      <div className="detail-body">
    2484 |        <div className="viewer-toolbar">
         |        ^
    2485 |          <div className="segmented-control">
    2486 |            <button className={viewMode === "3d" ? "active" : ""} type="button" onClick={() => setViewMode("3d")}>
 > renderWithHooks node_modules/react-dom/cjs/react-dom.development.js:15486:17
 > mountIndeterminateComponent node_modules/react-dom/cjs/react-dom.development.js:20103:12
 > beginWork node_modules/react-dom/cjs/react-dom.development.js:21626:15
 > HTMLUnknownElement.callCallback node_modules/react-dom/cjs/react-dom.development.js:4164:13
 > Object.invokeGuardedCallbackDev node_modules/react-dom/cjs/react-dom.development.js:4213:15
 > invokeGuardedCallback node_modules/react-dom/cjs/react-dom.development.js:4277:30
 > beginWork$1 node_modules/react-dom/cjs/react-dom.development.js:27490:6
 > performUnitOfWork node_modules/react-dom/cjs/react-dom.development.js:26596:11
 > workLoopSync node_modules/react-dom/cjs/react-dom.development.js:26505:4

[2m7:06:38 AM[22m [31m[1m[vite][22m[39m [31m[2m(client)[22m[39m [2m[console.error] [22mThe above error occurred in the <StructureTab> component:

    at StructureTab (http://localhost:5174/src/App.jsx?t=1782005798063:5593:25)
    at article
    at CandidateDetail (http://localhost:5174/src/App.jsx?t=1782005798063:5456:28)
    at div
    at section
    at SpotlightCard (http://localhost:5174/src/effects.jsx:133:33)
    at CandidateResults (http://localhost:5174/src/App.jsx?t=1782005798063:3248:29)
    at main
    at div
    at App (http://localhost:5174/src/App.jsx?t=1782005798063:38:32)

Consider adding an error boundary to your tree to customize error handling behavior.
Visit https://reactjs.org/link/error-boundaries to learn more about error boundaries.
[2m7:06:38 AM[22m [31m[1m[vite][22m[39m [31m[2m(client)[22m[39m [31m[Unhandled rejection] [1mReferenceError[22m: candidateNeedsStructurePreview is not defined
[39m > StructureTab src/App.jsx:2484:6
    2482 |    return (
    2483 |      <div className="detail-body">
    2484 |        <div className="viewer-toolbar">
         |        ^
    2485 |          <div className="segmented-control">
    2486 |            <button className={viewMode === "3d" ? "active" : ""} type="button" onClick={() => setViewMode("3d")}>
 > renderWithHooks node_modules/react-dom/cjs/react-dom.development.js:15486:17
 > mountIndeterminateComponent node_modules/react-dom/cjs/react-dom.development.js:20103:12
 > beginWork node_modules/react-dom/cjs/react-dom.development.js:21626:15
 > beginWork$1 node_modules/react-dom/cjs/react-dom.development.js:27465:13
 > performUnitOfWork node_modules/react-dom/cjs/react-dom.development.js:26596:11
 > workLoopSync node_modules/react-dom/cjs/react-dom.development.js:26505:4
 > renderRootSync node_modules/react-dom/cjs/react-dom.development.js:26473:6
 > recoverFromConcurrentError node_modules/react-dom/cjs/react-dom.development.js:25889:19
 > performSyncWorkOnRoot node_modules/react-dom/cjs/react-dom.development.js:26135:19

[2m9:23:30 AM[22m [31m[1m[vite][22m[39m [31m[2m(client)[22m[39m [31m[Unhandled error] [1mReferenceError[22m: displayCandidateSmiles is not defined
[39m > CandidateDetail src/App.jsx:2506:18
    2504 |            <p className="eyebrow">{candidate.target} molecule evidence</p>
    2505 |            <h3>{candidate.id}</h3>
    2506 |            <small>{displayCandidateSmiles(candidate)}</small>
         |                    ^
    2507 |          </div>
    2508 |          <span className="evidence-pill">
 > renderWithHooks node_modules/react-dom/cjs/react-dom.development.js:15486:17
 > updateFunctionComponent node_modules/react-dom/cjs/react-dom.development.js:19617:19
 > beginWork node_modules/react-dom/cjs/react-dom.development.js:21640:15
 > HTMLUnknownElement.callCallback node_modules/react-dom/cjs/react-dom.development.js:4164:13
 > Object.invokeGuardedCallbackDev node_modules/react-dom/cjs/react-dom.development.js:4213:15
 > invokeGuardedCallback node_modules/react-dom/cjs/react-dom.development.js:4277:30
 > beginWork$1 node_modules/react-dom/cjs/react-dom.development.js:27490:6
 > performUnitOfWork node_modules/react-dom/cjs/react-dom.development.js:26596:11
 > workLoopSync node_modules/react-dom/cjs/react-dom.development.js:26505:4

[2m9:23:30 AM[22m [31m[1m[vite][22m[39m [31m[2m(client)[22m[39m [31m[Unhandled error] [1mReferenceError[22m: displayCandidateSmiles is not defined
[39m > CandidateDetail src/App.jsx:2506:18
    2504 |            <p className="eyebrow">{candidate.target} molecule evidence</p>
    2505 |            <h3>{candidate.id}</h3>
    2506 |            <small>{displayCandidateSmiles(candidate)}</small>
         |                    ^
    2507 |          </div>
    2508 |          <span className="evidence-pill">
 > renderWithHooks node_modules/react-dom/cjs/react-dom.development.js:15486:17
 > updateFunctionComponent node_modules/react-dom/cjs/react-dom.development.js:19617:19
 > beginWork node_modules/react-dom/cjs/react-dom.development.js:21640:15
 > HTMLUnknownElement.callCallback node_modules/react-dom/cjs/react-dom.development.js:4164:13
 > Object.invokeGuardedCallbackDev node_modules/react-dom/cjs/react-dom.development.js:4213:15
 > invokeGuardedCallback node_modules/react-dom/cjs/react-dom.development.js:4277:30
 > beginWork$1 node_modules/react-dom/cjs/react-dom.development.js:27490:6
 > performUnitOfWork node_modules/react-dom/cjs/react-dom.development.js:26596:11
 > workLoopSync node_modules/react-dom/cjs/react-dom.development.js:26505:4

[2m9:23:30 AM[22m [31m[1m[vite][22m[39m [31m[2m(client)[22m[39m [2m[console.error] [22mThe above error occurred in the <CandidateDetail> component:

    at CandidateDetail (http://localhost:5174/src/App.jsx?t=1782014010132:5567:28)
    at div
    at section
    at SpotlightCard (http://localhost:5174/src/effects.jsx:133:33)
    at CandidateResults (http://localhost:5174/src/App.jsx?t=1782014010132:3359:29)
    at main
    at div
    at App (http://localhost:5174/src/App.jsx?t=1782014010132:43:32)

Consider adding an error boundary to your tree to customize error handling behavior.
Visit https://reactjs.org/link/error-boundaries to learn more about error boundaries.
[2m9:23:30 AM[22m [31m[1m[vite][22m[39m [31m[2m(client)[22m[39m [31m[Unhandled rejection] [1mReferenceError[22m: displayCandidateSmiles is not defined
[39m > CandidateDetail src/App.jsx:2506:18
    2504 |            <p className="eyebrow">{candidate.target} molecule evidence</p>
    2505 |            <h3>{candidate.id}</h3>
    2506 |            <small>{displayCandidateSmiles(candidate)}</small>
         |                    ^
    2507 |          </div>
    2508 |          <span className="evidence-pill">
 > renderWithHooks node_modules/react-dom/cjs/react-dom.development.js:15486:17
 > updateFunctionComponent node_modules/react-dom/cjs/react-dom.development.js:19617:19
 > beginWork node_modules/react-dom/cjs/react-dom.development.js:21640:15
 > beginWork$1 node_modules/react-dom/cjs/react-dom.development.js:27465:13
 > performUnitOfWork node_modules/react-dom/cjs/react-dom.development.js:26596:11
 > workLoopSync node_modules/react-dom/cjs/react-dom.development.js:26505:4
 > renderRootSync node_modules/react-dom/cjs/react-dom.development.js:26473:6
 > recoverFromConcurrentError node_modules/react-dom/cjs/react-dom.development.js:25889:19
 > performSyncWorkOnRoot node_modules/react-dom/cjs/react-dom.development.js:26135:19

[2m9:59:46 AM[22m [31m[1m[vite][22m[39m [31mhttp proxy error: /v1/research/data-fabric/enrich[39m
Error: read ECONNRESET
    at TCP.onStreamRead (node:internal/stream_base_commons:216:20)
[2m9:59:46 AM[22m [31m[1m[vite][22m[39m [31mhttp proxy error: /v1/runs/run_20260621_042612_7d3ea114/events?user_id=cf2399b2-1c96-45bd-9afb-346b8d8816d4[39m
Error: connect ECONNREFUSED 127.0.0.1:8000
    at TCPConnectWrap.afterConnect [as oncomplete] (node:net:1634:16)
[2m9:59:46 AM[22m [31m[1m[vite][22m[39m [31mhttp proxy error: /v1/runs/run_20260621_042612_7d3ea114/events?user_id=cf2399b2-1c96-45bd-9afb-346b8d8816d4[39m
Error: connect ECONNREFUSED 127.0.0.1:8000
    at TCPConnectWrap.afterConnect [as oncomplete] (node:net:1634:16)
[2m9:59:46 AM[22m [31m[1m[vite][22m[39m [31mhttp proxy error: /v1/runs/run_20260621_042612_7d3ea114/events?user_id=cf2399b2-1c96-45bd-9afb-346b8d8816d4[39m
Error: connect ECONNREFUSED 127.0.0.1:8000
    at TCPConnectWrap.afterConnect [as oncomplete] (node:net:1634:16)
[2m9:59:46 AM[22m [31m[1m[vite][22m[39m [31mhttp proxy error: /v1/runs/run_20260621_042612_7d3ea114/events?user_id=cf2399b2-1c96-45bd-9afb-346b8d8816d4[39m
Error: connect ECONNREFUSED 127.0.0.1:8000
    at TCPConnectWrap.afterConnect [as oncomplete] (node:net:1634:16)
[2m9:59:46 AM[22m [31m[1m[vite][22m[39m [31mhttp proxy error: /v1/runs/run_20260621_042612_7d3ea114/events?user_id=cf2399b2-1c96-45bd-9afb-346b8d8816d4[39m
Error: connect ECONNREFUSED 127.0.0.1:8000
    at TCPConnectWrap.afterConnect [as oncomplete] (node:net:1634:16)
[2m9:59:46 AM[22m [31m[1m[vite][22m[39m [31mhttp proxy error: /v1/runs/run_20260621_042612_7d3ea114/events?user_id=cf2399b2-1c96-45bd-9afb-346b8d8816d4[39m
Error: connect ECONNREFUSED 127.0.0.1:8000
    at TCPConnectWrap.afterConnect [as oncomplete] (node:net:1634:16)
[2m9:59:46 AM[22m [31m[1m[vite][22m[39m [31mhttp proxy error: /v1/runs/run_20260621_042612_7d3ea114/events?user_id=cf2399b2-1c96-45bd-9afb-346b8d8816d4[39m
Error: connect ECONNREFUSED 127.0.0.1:8000
    at TCPConnectWrap.afterConnect [as oncomplete] (node:net:1634:16)
[2m9:59:46 AM[22m [31m[1m[vite][22m[39m [31mhttp proxy error: /v1/chemistry/dock-preview[39m
Error: connect ECONNREFUSED 127.0.0.1:8000
    at TCPConnectWrap.afterConnect [as oncomplete] (node:net:1634:16)
[2m9:59:46 AM[22m [31m[1m[vite][22m[39m [31mhttp proxy error: /v1/chemistry/dock-preview[39m
Error: connect ECONNREFUSED 127.0.0.1:8000
    at TCPConnectWrap.afterConnect [as oncomplete] (node:net:1634:16)
[2m9:59:46 AM[22m [31m[1m[vite][22m[39m [31mhttp proxy error: /v1/chemistry/dock-preview[39m
Error: connect ECONNREFUSED 127.0.0.1:8000
    at TCPConnectWrap.afterConnect [as oncomplete] (node:net:1634:16)
[2m9:59:46 AM[22m [31m[1m[vite][22m[39m [31mhttp proxy error: /v1/chemistry/dock-preview[39m
Error: connect ECONNREFUSED 127.0.0.1:8000
    at TCPConnectWrap.afterConnect [as oncomplete] (node:net:1634:16)
[2m9:59:46 AM[22m [31m[1m[vite][22m[39m [31mhttp proxy error: /v1/chemistry/dock-preview[39m
Error: connect ECONNREFUSED 127.0.0.1:8000
    at TCPConnectWrap.afterConnect [as oncomplete] (node:net:1634:16)
[2m9:59:46 AM[22m [31m[1m[vite][22m[39m [31mhttp proxy error: /v1/chemistry/dock-preview[39m
Error: connect ECONNREFUSED 127.0.0.1:8000
    at TCPConnectWrap.afterConnect [as oncomplete] (node:net:1634:16)
[2m9:59:46 AM[22m [31m[1m[vite][22m[39m [31mhttp proxy error: /v1/chemistry/dock-preview[39m
Error: connect ECONNREFUSED 127.0.0.1:8000
    at TCPConnectWrap.afterConnect [as oncomplete] (node:net:1634:16)
[2m9:59:46 AM[22m [31m[1m[vite][22m[39m [31mhttp proxy error: /v1/chemistry/dock-preview[39m
Error: connect ECONNREFUSED 127.0.0.1:8000
    at TCPConnectWrap.afterConnect [as oncomplete] (node:net:1634:16)
[2m9:59:46 AM[22m [31m[1m[vite][22m[39m [31mhttp proxy error: /v1/chemistry/dock-preview[39m
Error: connect ECONNREFUSED 127.0.0.1:8000
    at TCPConnectWrap.afterConnect [as oncomplete] (node:net:1634:16)
[2m9:59:46 AM[22m [31m[1m[vite][22m[39m [31mhttp proxy error: /v1/runs/run_20260621_042612_7d3ea114/events?user_id=cf2399b2-1c96-45bd-9afb-346b8d8816d4[39m
Error: connect ECONNREFUSED 127.0.0.1:8000
    at TCPConnectWrap.afterConnect [as oncomplete] (node:net:1634:16)
[2m9:59:46 AM[22m [31m[1m[vite][22m[39m [31mhttp proxy error: /v1/chemistry/docking-tools[39m
Error: connect ECONNREFUSED 127.0.0.1:8000
    at TCPConnectWrap.afterConnect [as oncomplete] (node:net:1634:16)
[2m9:59:46 AM[22m [31m[1m[vite][22m[39m [31mhttp proxy error: /v1/runs/run_20260621_042612_7d3ea114/events?user_id=cf2399b2-1c96-45bd-9afb-346b8d8816d4[39m
Error: connect ECONNREFUSED 127.0.0.1:8000
    at TCPConnectWrap.afterConnect [as oncomplete] (node:net:1634:16)
[2m9:59:46 AM[22m [31m[1m[vite][22m[39m [31mhttp proxy error: /v1/runs/run_20260621_042612_7d3ea114/events?user_id=cf2399b2-1c96-45bd-9afb-346b8d8816d4[39m
Error: connect ECONNREFUSED 127.0.0.1:8000
    at TCPConnectWrap.afterConnect [as oncomplete] (node:net:1634:16)
[2m9:59:46 AM[22m [31m[1m[vite][22m[39m [31mhttp proxy error: /v1/runs/run_20260621_042612_7d3ea114/events?user_id=cf2399b2-1c96-45bd-9afb-346b8d8816d4[39m
Error: connect ECONNREFUSED 127.0.0.1:8000
    at TCPConnectWrap.afterConnect [as oncomplete] (node:net:1634:16)
